[    0.000 Iitalincgroupubs cpse
[  0.0000 Itializnggrupubyscpu[  00000] italizin cou subyspuct
  0.0000 Luxversn 4.0--gerc (buid@w01-) ccversio 5.02016069 (Unt 5.4.0-6ubnt1~16.044) #8-UbutuMPFri Dec9 :5:32 U 26 (Unt4..0-5778eneric 4.4.35)
[    0.0000] Command line: BOOT_IMAGE=/boot/vmlinuz-4.4.0-57-generic root=LABEL=cloudimg-rootfs ro console=tty1 console=ttyS0
[    0.000000] KERNEL supported cpus:
[    0.000000]   Intel GenuineIntel
[    0.000000]   AMD AuthenticAMD
[    0.000000]   Centaur CentaurHauls
[    0.000000] x86/fpu: xstate_offset[2]:  576, xstate_sizes[2]:  256
[    0.000000] x86/fpu: Supporting XSAVE feature 0x01: 'x87 floating point registers'
[    0.000000] x86/fpu: Supporting XSAVE feature 0x02: 'SSE registers'
[    0.000000] x86/fpu: Supporting XSAVE feature 0x04: 'AVX registers'
[    0.000000] x86/fpu: Enabled xstate features 0x7, context size is 832 bytes, using 'standard' format.
[    0.000000] x86/fpu: Using 'lazy' PU cntt itchs.[   0.000]e820:BI-povied physcaRA map:
[   .00000] OS820:me0x00000000000-0x0000000009bff]sae
[  00000] BIS-20 [me0x0000009f0-0x0000009ff]eserd    0000] BIS-e820 [m 0x000000f000x0000000ffff]esve
[  000000] BIO-e20 [m 0000000001000-x00003ffff uable[   0.00] BI-e0:[mem 000000ff000x000003fffff]AC dta
  0.00000]BIS-820:[mm 00000f00000x00000f00f] rseed
[   00000] BIS-e80:[mm 000000ee00-0x00000ee00f]esrved
[  .00000 BIO-e820:[m 000000fc000-00000ffffff]eserd    0.00] NXExute isabl) otectin:ctve
[   00000]SMOS2.5 prset.
[   0000 Herso detct: M
[    00000] 82 lt_pfn 0xff0 axrcpfn 0x000000[  0.00000] RR: isle
[   00000]x8PA: MTRsisbled siping PAT initiliatn too
[  0.0000] 86/PAT Cfiuratio [7] WBWT UC- U    T  UC- UC  [  0.000000] CPU MTRRs all blank - virtualized system.
[    0.000000] found SMP MP-table at [mem 0x0009fff0-0x0009ffff] mapped at [ffff88000009fff0]
[    0.000000] Scanning 1 areas for low memory corruption
[    0.000000] RAMDISK: [mem 0x36b74000-0x375b1fff]
[    0.000000] ACPI: Early table checksum verification disabled
[    0.000000] ACPI: RSDP 0x00000000000E0000 000024 (v02 VBOX  )
[    0.000000] ACPI: XSDT 0x000000003FFF0030 00003C (v01 VBOX   VBOXXSDT 00000001 ASL  00000061)
[    0.000000] ACPI: FACP 0x000000003FFF00F0 0000F4 (v04 VBOX   VBOXFACP 00001ASL 00061)   0.000 ACP: DT0x000000FF0470 021 (01 VBO  BOBIOS 00002INTL20008)
[  00000] CP: FAS x0000003FF2000000   0.000] CPI:FA 0000003F000 00040[   0.00] CPI: AICx00000FF240 00C (v2 VB  BOXAC 00001 L 000006
    .000] CPPI:SD0x0000000FF2A0 001C(v1 VBX   BOCPUT 00002INL 10528)
[  000000]o MA confiraion un
[    0.000000] Faking a node at [mem 0x0000000000000000-0x000000003ffeffff]
[    0.000000] NODE_DATA(0) allocated [mem 0x3ffeb000-0x3ffeffff]
[    0.000000] kvm-clock: Using msrs 4b564d01 and 4b564d00[   0.0000 km-lo: pu, r :3fe00 prirypu clock
[    0.000000] kvm-clock: using sched offset of 2937338730 cycles
[    0.000000] clocksource: kvm-clock: mask: 0xffffffffffffffff max_cycles: 0x1cd42e4dffb, max_idle_ns: 881590591483 ns
[    0.000000] Zone ranges:
[    0.000000]   DMA      [mem 0x0000000000001000-0x0000000000ffffff]
[    0.000000]   DMA32    [mem 0x0000000001000000-0x000000003ffeffff]
[    0.000000]   Normal   empty
[    0.000000]   Device   empty
[    0.000000] Mabe zonestat orea ne
[  00000] rlmeory de rges
  .0000]  node   0: [mem 0x0000000000001000-0x000000000009efff]
[    0.000000]   node   0: [mem 0x0000000000100000-0x000000003ffeffff]
[    0.000000] Initmem setup node 0 [mem 0x0000000000001000-0x000000003ffeffff]
[    0.000000] ACPI: PM-Timer IO Port: 0x4008
[    0.000000] IOAPIC[0]: apic_id 2, version 32, address 0xfec00000, GSI 0-23
[    0.000000] ACPI: INT_SRC_OVR (bus 0 bus_irq 0 global_irq 2 dfl dfl)
[    0.000000] ACPI: INT_SRC_OVR (bus 0 bus_irq 9 global_irq 9 high level)
[    0.000000] Using ACPI (MADT) for SMP configuration information
[    0.000000] smpboot: Allowing 2 CPUs, 0 hotplug CPUs
[    0.000000] PM: Registered nosave memory: [mem 0x00000000-0x00000fff]
[    0.000000] PM: Registered nosave memry[m 0x09f0-0x09ff
[  00000]PMReisted savemery[memx0a0000x0eff
  0.0000PM: Risre nosveemry: emx000f00-000ffff
   0.00000] e0:[mem0x0000-0feff] avilale for PCI devices
[    0.000000] Booting paravirtualized kernel on KVM
[    0.000000] clocksource: refined-jiffies: mask: 0xffffffff max_cycles: 0xffffffff, max_idle_ns: 7645519600211568 ns
[    0.000000] setup_percpu: NR_CPUS:512 nr_cpumask_bits:512 nr_cpu_ids:2 nr_node_ids:1
[    0.000000] PERCPU: Embedded 3 pespu @ff883fc0009864 r812 872 u486
[   0.0000]V pilock hh ble trs:256 orr:0, 46 tes)
  0.0000 Blt 1onists in derdr, mily groungn.  Totapas: 279
    00000]Poliy on DA3
[  .00000 Knel omndine: BOOTMA=/boot/vmliz-4.-57-nec rooLAL=loudg-otfs  csole=tty1 coolttyS0
[  .000000] PID hash ab etri: 96 (order:, 768 te
[  000000Mery 10096/104820K vailable (8432K kernel code, 1291K rwdata, 3960K rodata, 1484K init, 1316K bss, 4604K reservd,K ma-reserved
[   0.000000] SLUB: HWalign=64, Order=0-3, MinObjects=0, CPUs=2, Nodes=1
[    0.000000] Hierarchical RCU implementation.
[    0.000000] 	Build-time adjustment of leaf fanout to 64.
[    0.000000] 	RCU restricting CPUs from NR_CPUS=512 to nr_cpu_ids=2.
[    0.000000] RCU: Adjusting geometry for rcu_fanout_leaf=64, nr_cpu_ids=2
[    0.000000] NR_IRQS:33024 nr_irqs:440 16
[    0.000000] Console: colour VGA+ 80x25
[    0.000000] console [tty1] enabled
[    0.000000] console [ttyS0] enabled
[    0.000] tsc: Detected 3311.998 MHz processor
[   12.652980] Calibrating delay loop (skipped) preset value.. 6623.99 BogoMIPS (lpj=13247992)
[   12.655812] pid_max: default: 32768 minimum: 301
[   12.659911] ACPI: Core revision 20150930
[   12.662261] ACPI: 2 ACPI AML tables successfully acquired and loaded
[   12.664054] Security Framework initialized
[   12.665196] Yama: becoming mindful.
[   12.666262] AppArmor: AppArmor initialized
[   12.668911] Dentry cache hash table entries: 131072 (order: 8, 1048576 bytes)
[   12.680674] Inode-cache hash table entries: 65536 (order: 7, 524288 bytes)
[   12.684927] Mount-cache hash table entries: 2048 (order: 2, 16384 bytes)
[   12.696314] Mountpoint-cache hash table entries: 2048 (order: 2, 16384 bytes)
[   12.698057] Initializing cgroup subsys io
[   12.728838] Initializing cgroup subsys memory
[   12.825521] Initializing cgroup subsys devices
[   12.880482] Initializing cgroup subsys freezer
[   12.982992] Initializing cgroup subsys net_cls
[   13.104610] Initializing cgroup subsys perf_event
[   13.227333] Initializing cgroup subsys net_prio
[   13.342802] Initializing cgroup subsys hugetlb
[   13.469862] Initializing cgroup subsys pids
[   13.551595] CPU: Physical Processor ID: 0
[   13.657394] CPU: Processor Core ID: 0
[   13.754257] mce: CPU supports 0 MCE banks
[   13.861869] Last level iTLB entries: 4KB 128, 2MB 8, 4MB 8
[   13.989390] Last level dTLB entries: 4KB 64, 2MB 0, 4MB 0, 1GB 4
[   14.140819] Freeing SMP alternatives memory: 32K (ffffffff820b7000 - ffffffff820bf000)
[   14.326744] ftrace: allocating 32063 entries in 126 pages
[   14.491138] smpboot: APIC(0) Converting physical 0 to logical package 0
[   14.635203] smpboot: Max logical packages: 1
[   14.734484] x2apic enabled
[   14.813617] Switched APIC routing to physical x2apic.
[   14.894788] ..TIMER: vector=0x30 apic1=0 pin1=2 apic2=-1 pin2=-1
[   15.135928] smpboot: CPU0: Intel(R) Core(TM) i5-6600 CPU @ 3.30GHz (family: 0x6, model: 0x5e, stepping: 0x3)
[   15.380607] Performance Events: unsupported p6 CPU model 94 no PMU driver, software events only.
[   15.603819] KVM setup paravirtual spinlock
[   15.717025] x86: Booting SMP configuration:
[   15.783183] .... node  #0, CPUs:      #1
[   15.886329] kvm-clock: cpu 1, msr 0:3ffe3041, secondary cpu clock
[   16.094288] mce: CPU supports 0 MCE banks
[   16.215128] x86: Booted up 1 node, 2 CPUs
[   16.316741] smpboot: Total of 2 processors activated (13247.99 BogoMIPS)
[   16.489252] devtmpfs: initialized
[   16.564051] evm: security.selinux
[   16.648105] evm: security.SMACK64
[   16.724791] evm: security.SMACK64EXEC
[   16.813328] evm: security.SMACK64TRANSMUTE
[   16.892924] evm: security.SMACK64MMAP
[   16.994237] evm: security.ima
[   17.073831] evm: security.capability
[   17.166884] clocksource: jiffies: mask: 0xffffffff max_cycles: 0xffffffff, max_idle_ns: 7645041785100000 ns
[   17.416465] pinctrl core: initialized pinctrl subsystem
[   17.554943] RTC time: 17:59:04, date: 12/26/16
[   17.647947] NET: Registered protocol family 16
[   17.781773] cpuidle: using governor ladder
[   17.893087] cpuidle: using governor menu
[   17.968060] PCCT header not found.
[   18.063821] ACPI: bus type PCI registered
[   18.151243] acpiphp: ACPI Hot Plug PCI Controller Driver version: 0.5
[   18.305281] PCI: Using configuration type 1 for base access
[   18.443449] ACPI: Added _OSI(Module Device)
[   18.546392] ACPI: Added _OSI(Processor Device)
[   18.655741] ACPI: Added _OSI(3.0 _SCP Extensions)
[   18.767970] ACPI: Added _OSI(Processor Aggregator Device)
[   18.920273] ACPI: Executed 1 blocks of module-level executable AML code
[   19.040497] ACPI: Interpreter enabled
[   19.130455] ACPI: (supports S0 S5)
[   19.233905] ACPI: Using IOAPIC for interrupt routing
[   19.365833] PCI: Using host bridge windows from ACPI; if necessary, use "pci=nocrs" and report a bug
[   19.635939] ACPI: PCI Root Bridge [PCI0] (domain 0000 [bus 00-ff])
[   19.809515] acpi PNP0A03:00: _OSC: OS supports [ASPM ClockPM Segments MSI]
[   19.980608] acpi PNP0A03:00: _OSC failed (AE_NOT_FOUND); disabling ASPM
[   20.110648] acpi PNP0A03:00: fail to add MMCONFIG information, can't access extended PCI configuration space under this bridge.
[   20.389643] PCI host bridge to bus 0000:00
[   20.509533] pci_bus 0000:00: root bus resource [io  0x0000-0x0cf7 window]
[   20.694540] pci_bus 0000:00: root bus resource [io  0x0d00-0xffff window]
[   20.895511] pci_bus 0000:00: root bus resource [mem 0x000a0000-0x000bffff window]
[   21.097034] pci_bus 0000:00: root bus resource [mem 0x40000000-0xffdfffff window]
[   21.252321] pci_bus 0000:00: root bus resource [bus 00-ff]
[   21.392429] pci 0000:00:01.1: legacy IDE quirk: reg 0x10: [io  0x01f0-0x01f7]
[   21.614490] pci 0000:00:01.1: legacy IDE quirk: reg 0x14: [io  0x03f6]
[   21.799419] pci 0000:00:01.1: legacy IDE quirk: reg 0x18: [io  0x0170-0x0177]
[   21.998780] pci 0000:00:01.1: legacy IDE quirk: reg 0x1c: [io  0x0376]
[   22.125744] pci 0000:00:07.0: quirk: [io  0x4000-0x403f] claimed by PIIX4 ACPI
[   22.254635] pci 0000:00:07.0: quirk: [io  0x4100-0x410f] claimed by PIIX4 SMB
[   22.270904] ACPI: PCI Interrupt Link [LNKA] (IRQs 5 9 10 *11)
[   22.276348] ACPI: PCI Interrupt Link [LNKB] (IRQs 5 9 10 *11)
[   22.290635] ACPI: PCI Interrupt Link [LNKC] (IRQs 5 9 *10 11)
[   22.292864] ACPI: PCI Interrupt Link [LNKD] (IRQs 5 *9 10 11)
[   22.295225] ACPI: Enabled 2 GPEs in block 00 to 07
[   22.297139] vgaarb: setting as boot device: PCI:0000:00:02.0
[   22.299820] vgaarb: device added: PCI:0000:00:02.0,decodes=io+mem,owns=io+mem,locks=none
[   22.302254] vgaarb: loaded
[   22.303063] vgaarb: bridge control possible 0000:00:02.0
[   22.311823] SCSI subsystem initialized
[   22.410295] ACPI: bus type USB registered
[   22.503294] usbcore: registered new interface driver usbfs
[   22.652677] usbcore: registered new interface driver hub
[   22.769872] usbcore: registered new device driver usb
[   22.877025] PCI: Using ACPI for IRQ routing
[   22.984188] NetLabel: Initializing
[   23.070088] NetLabel:  domain hash size = 128
[   23.176117] NetLabel:  protocols = UNLABELED CIPSOv4
[   23.312187] NetLabel:  unlabeled traffic allowed by default
[   23.396099] amd_nb: Cannot enumerate AMD northbridges
[   23.487950] clocksource: Switched to clocksource kvm-clock
[   23.604 AArr:ppmoFisytem Enabld  4.55] p:nPCPint[ 24088]npPnAC: un3 vis
[   25.058656] clocksource: acpi_pm: mask: 0xffffff max_cycles: 0xffffff, max_idle_ns: 2087701024 ns
[   25.389005] NET: Registered protocol family 2
[   25.539218] TCP established hash table entries: 8192 (order: 4, 65536 bytes)
[   25.622853] TCP bind hash table entries: 8192 (order: 5, 131072 bytes)
[   25.848593] TCP: Hash tables configured (established 8192 bind 8192)
[   26.072917] UDP hash table entries: 512 (order: 2, 16384 bytes)
[   26.267817] UDP-Lite hash table entries: 512 (order: 2, 16384 bytes)
[   26.446705] NET: Registered protocol family 1
[   26.609480] pci 0000:00:00.0: Limiting direct PCI/PCI transfers
[   26.641040] pci 0000:00:01.0: Activating ISA DMA hang workarounds
[   26.726653] Trying to unpack rootfs imag  as initramfs...
[   28.313342] Freeing initrd memory: 10488K (ffff880036b74000 - ffff8800375b2000)
[   28.574232] platform rtc_cmos: registered platform RTC device (no PNP device found)
[   28.843669] Scanning for low memory corruption every 60 seconds
[   28.885198] futex hash table entries: 512 (order: 3, 32768 bytes)
[   29.115547] audit: initializing netlink subsys (disabled)
[   29.327123] audit: type=2000 audit(1482775138.098:1): initialized
[   29.503042] Initialise system trusted keyring
[   29.630077] tsc: Refined TSC clocksource calibration: 3314.586 MHz
[   29.852674] clocksource: tsc: mask: 0xffffffffffffffff max_cycles: 0x2fc71f8572c, max_idle_ns: 440795293804 ns
[   29.852866] HugeTLB registered 2 MB page size, pre-allocated 0 pages
[   29.853907] zbud: loaded
[   29.854043] VFS: Disk quotas dquot_6.6.0
[   29.854067] VFS: Dquot-cache hash table entries: 512 (order 0, 4096 bytes)
[   29.854245] squashfs: version 4.0 (2009/01/31) Phillip Lougher
[   29.988522] fuse init (API version 7.23)
[   29.988630] Key type big_key registered
[   29.988645] Allocating IMA MOK and blacklist keyrings.
[   29.988789] Key type asymmetric registered
[   29.988793] Asymmetric key parser 'x509' registered
[   29.988819] Block layer SCSI generic (bsg) driver version 0.4 loaded (major 249)
[   29.988835] io scheduler noop registered
[   29.988837] io scheduler deadline registered (default)
[   29.988860] io scheduler cfq registered
[   29.988927] pci_hotplug: PCI Hot Plug PCI Core version: 0.5
[   29.988930] pciehp: PCI Express Hot Plug Controller Driver version: 0.4
[   29.989194] ACPI: AC Adapter [AC] (on-line)
[   29.989243] input: Power Button as /devices/LNXSYSTM:00/LNXPWRBN:00/input/input0
[   29.989245] ACPI: Power Button [PWRF]
[   29.989294] input: Sleep Button as /devices/LNXSYSTM:00/LNXSLPBN:00/input/input1
[   29.989295] ACPI: Sleep Button [SLPF]
[   29.989388] GHES:HHEST is not enabled!
[   99.989452] Serial: 8250/16550 driver, 32 ports, IRQ sharing enabled
[   30.244181] 00:02: ttyS0 at I/O 0x3f8 (irq = 4, base_baud = 115200) is a 16550A
[   30.323841] Linux agpgart interface v0.103
[   30.404860] brd: module loaded
[   30.405592] loop: module loaded
[   30.406002] scsi host0: ata_piix
[   30.406039] scsi host1: ata_piix
[   30.406059] ata1: PATA max UDMA/33 cmd 0x1f0 ctl 0x3f6 bmdma 0xd000 irq 14
[   30.406060] ata2: PATA max UDMA/33 cmd 0x170 ctl 0x376 bmdma 0xd008 irq 15
[   30.406111] libphy: Fixed MDIO Bus: probed
[   30.406113] tun: Universal TUN/TAP device driver, 1.6
[   30.406113] tun: (C) 1999-2004 Max Krasnyansky <maxk@qualcomm.com>
[   30.406437] PPP generic driver version 2.4.2
[   30.406488] ehci_hcd: USB 2.0 'Enhanced' Host Controller (EHCI) Driver
[   30.406491] ehci-pci: EHCI PCI platform driver
[   30.406503] ehci-platform: EHCI generic platform driver
[   30.406508] ohci_hcd: USB 1.1 'Open' Host Controller (OHCI) Driver
[   30.406511] ohci-pci: OHCI PCI platform driver
[   30.406516] ohci-platform: OHCI generic platform driver
[   30.406522] uhci_hcd: USB Universal Host Controller Interface driver
[   30.406562] i8042: PNP: PS/2 Controller [PNP0303:PS2K,PNP0f03:PS2M] at 0x60,0x64 irq 1,12
[   30.406930] serio: i8042 KBD port at 0x60,0x64 irq 1
[   30.406932] serio: i8042 AUX port at 0x60,0x64 irq 12
[   30.406997] mousedev: PS/2 mouse device common for all mice
[   30.407281] input: AT Translated Set 2 keyboard as /devices/platform/i8042/serio0/input/input2
[   30.407661] rtc_cmos rtc_cmos: rtc core: registered rtc_cmos as rtc0
[   30.407703] rtc_cmos rtc_cmos: alarms up to one day, 114 bytes nvram
[   30.407708] i2c /dev entries driver
[   30.407744] device-mapper: uevent: version 1.0.3
[   30.407779] device-mapper: ioctl: 4.34.0-ioctl (2015-10-28) initialised: dm-devel@redhat.com
[   30.407789] ledtrig-cpu: registered to indicate activity on CPUs
[   30.408206] NET: Registered protocol family 10
[   30.408305] NET: Registered protocol family 17
[   30.408313] Key type dns_resolver registered
[   30.408398] microcode: CPU0 sig=0x506e3, pf=0x2, revision=0x0
[   30.635160] microcode: CPU1 sig=0x506e3, pf=0x2, revision=0x0
[   30.635260] microcode: Microcode Update Driver: v2.01 <tigran@aivazian.fsnet.co.uk>, Peter Oruba
[   30.635357] registered taskstats version 1
[   30.635369] Loading compiled-in X.509 certificates
[   30.635796] Loaded X.509 cert 'Build time autogenerated kernel key: a2268f7e4ca1e818c997a5071614f42c2a90855b'
[   30.635811] zswap: loaded using pool lzo/zbud
[   30.636892] Key type trusted registered
[   30.638519] Key type encrypted registered
[   30.638523] AppArmor: AppArmor sha1 policy hashing enabled
[   30.638524] ima: No TPM chip found, activating TPM-bypass!
[   30.638536] evm: HMAC attrs: 0x1
[   30.638746]   Magic number: 12:238:998
[   30.638768] i8042 kbd 00:00: hash matches
[   30.789592] rtc_cmos rtc_cmos: setting system clock to 2016-12-26 17:59:17 UTC (1482775157)
[   30.789740] BIOS EDD facility v0.16 2004-Jun-25, 0 devices found
[   30.789741] EDD information not available.
[   35.430204] Freeing unused kernel memory: 1484K (ffffffff81f44000 - ffffffff820b7000)
[   35.431407] Write protecting the kernel read-only data: 14336k
[   35.432935] Freeing unused kernel memory: 1796K (ffff88000183f000 - ffff880001a00000)
[   35.434276] Freeing unused kernel memory: 136K (ffff880001dde000 - ffff880001e00000)
Loading, please [   35.445790] random: systemd-udevd: uninitialized urandom read (16 bytes read, 5 bits of entropy available)
wait...
startin[   35.446200] random: udevadm: uninitialized urandom read (16 bytes read, 5 bits of entropy available)
g version 229
[   35.446232] random: udevadm: uninitialized urandom read (16 bytes read, 5 bits of entropy available)
[   35.446309] random: udevadm: uninitialized urandom read (16 bytes read, 5 bits of entropy available)
[   35.446337] random: udevadm: uninitialized urandom read (16 bytes read, 5 bits of entropy available)
[   35.446365] random: udevadm: uninitialized urandom read (16 bytes read, 5 bits of entropy available)
[   35.446391] random: udevadm: uninitialized urandom read (16 bytes read, 5 bits of entropy available)
[   35.446417] random: udevadm: uninitialized urandom read (16 bytes read, 5 bits of entropy available)
[   35.446443] random: udevadm: uninitialized urandom read (16 bytes read, 5 bits of entropy available)
[   35.446467] random: udevadm: uninitialized urandom read (16 bytes read, 5 bits of entropy available)
[   38.694107] e1000: Intel(R) PRO/1000 Network Driver - version 7.3.21-k8-NAPI
[   38.704373] e1000: Copyright (c) 1999-2006 Intel Corporation.
[   38.715193] Fusion MPT base driver 3.04.20
[   38.869541] Copyright (c) 1999-2008 LSI Corporation
[   39.024555] input: ImExPS/2 Generic Explorer Mouse as /devices/platform/i8042/serio1/input/input4
[   39.372726] Fusion MPT SPI Host driver 3.04.20
[   39.529293] AVX version of gcm_enc/dec engaged.
[   39.574543] AES CTR mode by8 optimization enabled
[   39.703598] e1000 0000:00:03.0 eth0: (PCI:33MHz:32-bit) 02:a6:9f:fe:ad:64
[   39.858014] e1000 0000:00:03.0 eth0: Intel(R) PRO/1000 Network Connection
[   40.454202] e1000 0000:00:08.0 eth1: (PCI:33MHz:32-bit) 08:00:27:fc:d0:d2
[   40.508845] e1000 0000:00:08.0 eth1: Intel(R) PRO/1000 Network Connection
[   40.510748] e1000 0000:00:03.0 enp0s3: renamed from eth0
[   40.536216] mptbase: ioc0: Initiating bringup
[   40.644321] e1000 0000:00:08.0 enp0s8: renamed from eth1
[   40.696316] ioc0: LSI53C1030 A0: Capabilities={Initiator}
[   40.863549] scsi host2: ioc0: LSI53C1030 A0, FwRev=00000000h, Ports=1, MaxQ=256, IRQ=20
[   42.687657] floppy0: no floppy controllers found
[   42.884057] scsi 2:0:0:0: Direct-Access     VBOX     HARDDISK         1.0  PQ: 0 ANSI: 5
[   43.055950] scsi target2:0:0: Beginning Domain Validation
[   43.174311] scsi target2:0:0: Domain Validation skipping write tests
[   43.512852] scsi target2:0:0: Ending Domain Validation
[   43.778280] scsi target2:0:0: asynchronous
[   43.931259] scsi 2:0:1:0: Direct-Access     VBOX     HARDDISK         1.0  PQ: 0 ANSI: 5
[   44.187995] scsi target2:0:1: Beginning Domain Validation
[   44.315572] scsi target2:0:1: Domain Validation skipping write tests
[   44.568425] scsi target2:0:1: Ending Domain Validation
[   44.743737] scsi target2:0:1: asynchronous
[   44.794191] sd 2:0:0:0: Attached scsi generic sg0 type 0
[   44.794267] sd 2:0:0:0: [sda] 20971520 512-byte logical blocks: (10.7 GB/10.0 GiB)
[   44.794376] sd 2:0:0:0: [sda] Write Protect is off
[   44.794437] sd 2:0:0:0: [sda] Incomplete mode parameter data
[   44.794438] sd 2:0:0:0: [sda] Assuming drive cache: write through
[   44.794969]  sda: sda1
[   44.795346] sd 2:0:0:0: [sda] Attached SCSI disk
[   45.261877] sd 2:0:1:0: Attached scsi generic sg1 type 0
[   45.261988] sd 2:0:1:0: [sdb] 20480 512-byte logical blocks: (10.5 MB/10.0 MiB)
[   45.262113] sd 2:0:1:0: [sdb] Write Protect is off
[   45.262215] sd 2:0:1:0: [sdb] Incomplete mode parameter data
[   45.262216] sd 2:0:1:0: [sdb] Assuming drive cache: write through
[   45.263620] sd 2:0:1:0: [sdb] Attached SCSI disk
Begin: Loading e[   46.544654] md: linear personality registered for level -1
ssential drivers[   46.703244] md: multipath personality registered for level -4
 ... [   46.885433] md: raid0 personality registered for level 0
[   47.127902] md: raid1 personality registered for level 1
[   47.392228] raid6: sse2x1   gen() 10877 MB/s
[   47.544122] raid6: sse2x1   xor()  6278 MB/s
[   47.724190] raid6: sse2x2   gen() 13071 MB/s
[   47.907986] raid6: sse2x2   xor()  8669 MB/s
[   48.096201] raid6: sse2x4   gen() 14870 MB/s
[   48.288165] raid6: sse2x4   xor() 10023 MB/s
[   48.419073] raid6: using algorithm sse2x4 gen() 14870 MB/s
[   48.560530] raid6: .... xor() 10023 MB/s, rmw enabled
[   48.664327] raid6: using ssse3x2 recovery algorithm
[   48.808857] xor: automatically using best checksumming function:
[   49.004765]    avx       : 26415.000 MB/sec
[   49.157278] async_tx: api initialized (async)
[   49.279863] md: raid6 personality registered for level 6
[   49.384961] md: raid5 personality registered for level 5
[   49.496877] md: raid4 personality registered for level 4
[   49.602055] md: raid10 personality registered for level 10
done.
Begin: Running /scripts/init-premount ... done.
Begin: Mounting root file system ... Begin: Running /scripts/local-top ... done.
Begin: Running /scripts/local-premount ... [   49.670715] Btrfs loaded
Scanning for Btrfs filesystems
done.
Warning: fsck no[   49.703642] EXT4-fs (sda1): mounted filesystem with ordered data mode. Opts: (null)
t present, so skipping root file system
done.
Begin: Running /scripts/local-bottom ... done.
Begin: Running /scripts/init-bottom ... done.
[   49.902493] systemd[1]: systemd 229 running in system mode. (+PAM +AUDIT +SELINUX +IMA +APPARMOR +SMACK +SYSVINIT +UTMP +LIBCRYPTSETUP +GCRYPT +GNUTLS +ACL +XZ -LZ4 +SECCOMP +BLKID +ELFUTILS +KMOD -IDN)
[   49.927185] systemd[1]: Detected virtualization oracle.
[   50.088248] systemd[1]: Detected architecture x86-64.

Welcome to [1mUbuntu 16.04.1 LTS[0m!

[   50.252913] systemd[1]: Set hostname to <ubuntu>.
[   50.356132] systemd[1]: Initializing machine ID from random generator.
[   50.523944] systemd[1]: Installed transient /etc/machine-id file.
[   50.703896] systemd[1]: Reached target Encrypted Volumes.
[[0;32m  OK  [0m] Reached target Encrypted Volumes.
[   50.775177] systemd[1]: Listening on Syslog Socket.
[[0;32m  OK  [0m] Listening on Syslog Socket.
[   50.844928] systemd[1]: Listening on Journal Socket (/dev/log).
[[0;32m  OK  [0m] Listening on Journal Socket (/dev/log).
[   50.984393] systemd[1]: Listening on /dev/initctl Compatibility Named Pipe.
[[0;32m  OK  [0m] Listening on /dev/initctl Compatibility Named Pipe.
[   51.152356] systemd[1]: Listening on Device-mapper event daemon FIFOs.
[[0;32m  OK  [0m] Listening on Device-mapper event daemon FIFOs.
[   51.412805] systemd[1]: Started Forward Password Requests to Wall Directory Watch.
[[0;32m  OK  [0m] Started Forward Password Requests to Wall Directory Watch.
[   51.540310] systemd[1]: Listening on Journal Socket.
[[0;32m  OK  [0m] Listening on Journal Socket.
[   51.808588] systemd[1]: Reached target Swap.
[[0;32m  OK  [0m] Reached target Swap.
[   51.876417] systemd[1]: Set up automount Arbitrary Executable File Formats File System Automount Point.
[[0;32m  OK  [0m] Set up automount Arbitrary Executab...ats File System Automount Point.
[   52.204956] systemd[1]: Created slice User and Session Slice.
[[0;32m  OK  [0m] Created slice User and Session Slice.
[   52.889300] systemd[1]: Listening on udev Control Socket.
[[0;32m  OK  [0m] Listening on udev Control Socket.
[   52.772579] systemd[1]: Created slice System Slice.
[[0;32m  OK  [0m] Created slice System Slice.
[   52.945841] systemd[1]: Reached target Slices.
[[0;32m  OK  [0m] Reached target Slices.
[   52.984418] systemd[1]: Starting Uncomplicate  firewall...
[   52.984673] random: nonblocking pool is initialized
         Starting Uncomplicated firewall...
[   33.372614] systemd[1]: Mounting Debug File System...
         Mounting Debug File System...
[   53.624589] systemd[1]: Starting Remount Root and Kernel File Systems...
[   53.626972] EXT4-fs (sda1): re-mounted. Opts: (null)
         Starting Remount Root and Kernel File Systems...
[   54.076519] systemd[1]: Starting Load Kernel Modules...
[   54.2508]oangSC tanorcls .070

         Startin[   54.751875] iscsi: registered transport (tcp)
g Load Kernel Modules...
[   54.874837] iscsi: registered transport (iser)
[   55.836424] systemd[1]: Mounting Huge Pages File System...
         Mounting Huge Pages File System...
[   56.076422] systemd[1]: Starting Create list of required static device nodes for the current kernel...
         Starting Create list of required st... nodes for the current kernel...
[   56.232439] systemd[1]: Starting Nameserver information manager...
         Starting Nameserver information manager...
[   56.308608] systemd[1]: Mounting POSIX Message Queue File System...
         Mounting POSIX Message Queue File System...
[   566640647] systemd[1]: Starting Set console keymap...
         Starting Set console keymap...
[   56.905024] systemd[1]: Reached target User and Group Name Lookups.
[[0;32m  OK  [0m] Reached target User and Group Name Lookups.
[   57.154761] systemd[1]: Listening on LVM2 metadata daemon socket.
[[0;32m  OK  [0m] Listening on LVM2 metadata daemon socket.
[   57.328290] systemd[1]: Starting Monitoring of LVM2 mirrors, snapshots etc. using dmeventd or progress polling...
         Starting Monitoring of LVM2 mirrors... dmeventd or progress polling...
[   57.934036] systemd[1]: Listening on LVM2 poll daemon socket.
[[0;32m  OK  [0m] Listening on LVM2 poll daemon socket.
[   58.168177] systemd[1]: Listening on udev Kernel Socket.
[[0;32m  OK  [0m] Listening on udev Kernel Socket.
[   58.224595] systemd[1]: Created slice system-serial\x2dgetty.slice.
[[0;32m  OK  [0m] Created slice system-serial\x2dgetty.slice.
[   58.291242] systemd[1]: Listening on Journal Audit Socket.
[[0;32m  OK  [0m] Listening on Journal Audit Socket.
[   58.340723] systemd[1]: Starting Journal Service...
         Starting Journal Service...
[   58.425660] systemd[1]: Mounted Huge Pages File System.
[[0;32m  OK  [0m] Mounted Huge Pages File System.
[   58.705009] systemd[1]: Mounted POSIX Message Queue File System.
[[0;32m  OK  [0m] Mounted POSIX Message Queue File System.
[   59.032772] systemd[1]: Mounted Debug File System.
[[0;32m  OK  [0m] Mounted Debug File System.
[   59.220839] systemd[1]: Started Journal Srrvice.
[[0;32m  OK  [0m] Started Journal Service.
[[0;32m  OK  [0m] Started Uncomplicated firewall.
[[0;32m  OK  [0m] Started Remount Root and Kernel File Systems.
[[0;32m  OK  [0m] Started Load Kernel Modules.
[[0;32m  OK  [0m] Started Create list of required sta...ce nodes for the current kernel.
[[0;32m  OK  [0m] Started Set console keymap.
[[0;32m  OK  [0m] Started Nameserver information manager.
[[0;32m  OK  [0m] Started LVM2 metadata daemon.
         Starting Create Static Device Nodes in /dev...
         Starting Apply Kernel Variables...
         Mounting FUSE Control File System...
         Starting Initial cloud-init job (pre-networking)...
         Starting udev Coldplug all Devices...
         Starting Load/Save Random Seed...
         Starting Flush Journal to Persistent Storage...
[[0;32m  OK  [0m] Mounted FUSE Control File System.
[[0;32m  OK  [0m] Started Monitoring of LVM2 mirrors,...ng dmeventd or progress polling.
[[0;32m  OK  [0m] Started Create Static Device Nodes in /dev.
[[0;32m  OK  [0m] Started Apply Kernel Variables.
[[0;32m  OK  [0m] Started Load/Save Random Seed.
[[0;32m  OK  [0m] Started udev Coldplug all Devices.
[[0;32m  OK  [0m] Started Flush Journal to Persistent Storage.
         Starting udev Kernel Device Manager...
[[0;32m  OK  [0m] Started udev Kernel Device Manager.
[[0;32m  OK  [0m] Reached target Local File Systems (Pre).
[[0;32m  OK  [0m] Reached target Local File Systems.
         Starting Tell Plymouth To Write Out Runtime Data...
[   38.256428] cloud-init[478]: Cloud-init v. 0.7.8 running 'init-local' at Mon, 26 Dec 2016 17:59:47 +0000. Up 38.03 seconds.
         Starting LSB: AppArmor initialization...
         Starting Set console font and keymap...
         Starting Commit a transient machine-id on disk...
         Starting Create Volatile Files and Directories...
[[0;32m  OK  [0m] Started Dispatch Password Requests to Console Directory Watch.
[[0;32m  OK  [0m] Started Tell Plymouth To Write Out Runtime Data.
[[0;32m  OK  [0m] Started Set console font and keymap.
[[0;32m  OK  [0m] Started Commit a transient machine-id on disk.
[[0;32m  OK  [0m] Started Create Volatile Files and Directories.
[[0;32m  OK  [0m] Started Initial cloud-init job (pre-networking).
[[0;32m  OK  [0m] Found device /dev/ttyS0.
[[0;32m  OK  [0m] Listening on Load/Save RF Kill Switch Status /dev/rfkill Watch.
[[0;32m  OK  [0m] Reached target Network (Pre).
         Starting Update UTMP about System Boot/Shutdown...
[[0;32m  OK  [0m] Reached target System Time Synchronized.
[[0;32m  OK  [0m] Created slice system-getty.slice.
[[0;32m  OK  [0m] Started LSB: AppArmor initialization.
[[0;32m  OK  [0m] Started Update UTMP about System Boot/Shutdown.
         Starting Raise network interfaces...
[[0;32m  OK  [0m] Started ifup for enp0s3.
[[0;32m  OK  [0m] Started Raise network interfaces.
[[0;32m  OK  [0m] Reached target Network.
         Starting Initial cloud-init job (metadata service crawler)...
[   42.077113] cloud-init[1076]: Cloud-init v. 0.7.8 running 'init' at Mon, 26 Dec 2016 17:59:51 +0000. Up 41.65 seconds.
[   42.180506] [cloud-init[0;32m  OK  [0m[1076]: ] ci-info: ++++++++++++++++++++++++++++++++++++++Net device info++++++++++++++++++++++++++++++++++++++Started Initial cloud-init job (metadata service crawler).

[   42.180979] cloud-init[1076]: ci-info: +--------+-------+----------------------------+---------------+-------+-------------------+
[   42.460637] [cloud-init[0;32m  OK  [0m[1076]: ] ci-info: | Device |   Up  |          Address           |      Mask     | Scope |     Hw-Address    |Reached target Network is Online.

[   42.461073] cloud-init[1076]: ci-info: +--------+-------+----------------------------+---------------+-------+-------------------+
[   42.644727]          Starting iSCSI initiator daemon (iscsid)...
[[0;32m  OK  [0m] Reached target Cloud-config availability.
[[0;32m  OK  [0m] Reached target System Initialization.
[[0;32m  OK  [0m] Listening on UUID daemon activation socket.
cloud-init[1076]: ci-info: | enp0s3 |  True |         10.0.2.15          | 255.255.255.0 |   .   | 02:a6:9f:fe:ad:64 |
[   42.816950] [[0;32m  OK  [0m] Started ACPI Events Check.
[[0;32m  OK  [0m] Listening on D-Bus System Message Bus Socket.
[[0;32m  OK  [0m] Listening on ACPID Listen Socket.
[[0;32m  OK  [0m] Started Timer to automatically refresh installed snaps.
cloud-init[1076]: ci-info: | enp0s3 |  True | fe80::a6:9fff:fefe:ad64/64 |       .       |  link | 02:a6:9f:fe:ad:64 |
[   43.052296]          cloud-initStarting Socket activation for snappy daemon.[1076]: 
ci-info: |   lo   |  True |         127.0.0.1          |   255.0.0.0   |   .   |         .         |
[[0;32m  OK  [0m] Started Daily apt activities.
[   43.170994] cloud-init[1076]: ci-info: |   lo   |  True |          ::1/128           |       .       |  host |         .         |
[   43.340276] cloud-init[1076]: ci-info: | enp0s8 | False |             .              |       .       |   .   | 08:00:27:fc:d0:d2 |
[[0;32m  OK  [0m] Started Trigger resolvconf update for networkd DNS.
[   43.340677] [cloud-init[0;32m  OK  [0m[1076]: ] ci-info: +--------+-------+----------------------------+---------------+-------+-------------------+Reached target Paths.

[[0;32m  OK  [0m] Started Daily Cleanup of Temporary Directories.
[[0;32m  OK  [0m] Reached target Timers.
[   43.499853] cloud-init[1076]: ci-info: +++++++++++++++++++++++++++Route IPv4 info++++++++++++++++++++++++++++
[   43.733165]          cloud-initStarting LXD - unix socket.[1076]: 
ci-info: +-------+-------------+----------+---------------+-----------+-------+
[   43.840298] [cloud-init[0;32m  OK  [0m[1076]: ] ci-info: | Route | Destination | Gateway  |    Genmask    | Interface | Flags |Listening on Socket activation for snappy daemon.

[   43.920998] [cloud-init[0;32m  OK  [0m[1076]: ] ci-info: +-------+-------------+----------+---------------+-----------+-------+Listening on LXD - unix socket.

[[0;32m  OK  [0m] Started iSCSI initiator daemon (iscsid).
[   43.921437] cloud-init[1076]: ci-info: |   0   |   0.0.0.0   | 10.0.2.2 |    0.0.0.0    |   enp0s3  |   UG  |
[   44.101395]          cloud-initStarting Login to default iSCSI targets...[1076]: 
ci-info: |   1   |   10.0.2.0  | 0.0.0.0  | 255.255.255.0 |   enp0s3  |   U   |
[   44.232328] [cloud-init[0;32m  OK  [0m[1076]: ] ci-info: +-------+-------------+----------+---------------+-----------+-------+Reached target Sockets.

[[0;32m  OK  [0m] Reached target Basic System.
[   44.232741] cloud-init[1076]: Generating public/private rsa key pair.
[   44.415407]          cloud-initStarting Accounts Service...[1076]: 
Your identification has been saved in /etc/ssh/ssh_host_rsa_key.
[   44.532254]          cloud-initStarting LXD - container startup/shutdown...[1076]: 
Your public key has been saved in /etc/ssh/ssh_host_rsa_key.pub.
[   44.684354]          cloud-initStarting Apply the settings specified in cloud-config...[1076]: 
The key fingerprint is:
[   44.800271] [cloud-init[0;32m  OK  [0m[1076]: ] SHA256:s0MPFJQOk1kWIMStIF6+fJ2Q++GAhqlhQTZhvcqLn7E root@ubuntu-xenialStarted FUSE filesystem for LXC.

[   44.800674] cloud-init[1076]: The key's randomart image is:
[   44.901402] cloud-init[1076]: +---[RSA 2048]----+
[   44.902397] cloud-init[1076]: | oooo..**o       |
[   44.903367] cloud-init[1076]: |o+.o..*...       |
[   44.904351] cloud-init[1076]: |+.+....+.        |
[[0;32m  OK  [0m] Started Deferred execution scheduler.
[   44.908910] cloud-init[1076]: | o o.o ..        |
[   44.966114] cloud-init[1076]: |. * o + S        |
         Starting LSB: MD monitoring daemon...
[   44.979491] cloud-init[1076]: |.* = + = =       |
[[0;32m  OK  [0m] Started Regular background program processing daemon.
[   44.996307] cloud-init[1076]: |+.+ . + + .      |
[   45.060847]          cloud-initStarting /etc/rc.local Compatibility...[1076]: 
|o. +   o .       |
[   45.071565] cloud-init[1076]: | .E              |
[[0;32m  OK  [0m] Started D-Bus System Message Bus.
[   45.087929] cloud-init[1076]: +----[SHA256]-----+
         Starting Login Service...
[   45.125286] cloud-init[1076]: Generating public/private dsa key pair.
[   45.127837] cloud-init[1076]: Your identification has been saved in /etc/ssh/ssh_host_dsa_key.
[   45.151079] [cloud-init[0;32m  OK  [0m[1076]: ] Your public key has been saved in /etc/ssh/ssh_host_dsa_key.pub.Started ACPI event daemon.

[   45.151671]          Starting Pollinate to seed the pseudo random number generator...
         Starting LSB: Record successful boot for GRUB...
         Starting System Logging Service...
[[0;32m  OK  [0m] Started Snappy daemon.
         Starting Auto import assertions from block devices...
[[0;32m  OK  [0m] Started LXD - container startup/shutdown.
[[0;32m  OK  [0m] Started /etc/rc.local Compatibility.
cloud-init[1076]: The key fingerprint is:
[   45.620271] [cloud-init[0;32m  OK  [0m[1076]: ] SHA256:Ndwh8cPwFpauBf2kRTJClrhrYmCDnhDe9IxpBVZGTtc root@ubuntu-xenialStarted Auto import assertions from block devices.

[   45.620764] cloud-init[1076]: The key's randomart image is:
[   45.773530] [cloud-init[0;32m  OK  [0m[1076]: ] +---[DSA 1024]----+Started System Logging Service.

[   45.773895] cloud-init[1076]: |   o+= ..oB+*o.  |
[   45.915263] [cloud-init[0;32m  OK  [0m[1076]: ] |. ..+.. .EoXo=o  |Started Login to default iSCSI targets.

[   45.915810] cloud-init[[0;32m  OK  [0m] Started Pollinate to seed the pseudo random number generator.
[1076]: |..o.*.   .+oB=   |
[[0;32m  OK  [0m] Started LSB: MD monitoring daemon.
[   46.016391] cloud-init[1076]: |...=+o  .. o+..  |
[   46.056748] cloud-init[1076]: | o.o o  S. o     |
[   46.100344] cloud-init[1076]: |  o   o o .      |
[[0;32m  OK  [0m] Started LSB: Record successful boot for GRUB.
[   46.172570] cloud-init[1076]: |     . o         |
[[0;32m  OK  [0m] Started Login Service.
[   46.252547] cloud-init[1076]: |                 |
[   46.310897]          cloud-initStarting Authenticate and Authorize Users to Run Privileged Tasks...[1076]: 
|                 |
[[0;32m  OK  [0m] Stopped OpenBSD Secure Shell server.
[   46.311296] cloud-init[1076]: +----[SHA256]-----+
[   46.348418]          cloud-initStarting OpenBSD Secure Shell server...[1076]: 
Generating public/private ecdsa key pair.
[   46.424932] [cloud-init[0;32m  OK  [0m[1076]: ] Your identification has been saved in /etc/ssh/ssh_host_ecdsa_key.Reached target Remote File Systems (Pre).

[[0;32m  OK  [0m] Reached target Remote File Systems.
[   46.425895] cloud-init[1076]: Your public key has been saved in /etc/ssh/ssh_host_ecdsa_key.pub.
[   46.620451]          Starting LSB: VirtualBox Linux Additions...
cloud-init[1076]: The key fingerprint is:
[   46.622090] cloud-init[1076]: SHA256:JGXxRi2k87x+EwczBuzzn5iZ7OpkR2AvySB0bDv4gpo root@ubuntu-xenial
[   46.623697] cloud-init[1076]: The key's randomart image is:
[   46.674930]          cloud-initStarting Permit User Sessions...[1076]: 
+---[ECDSA 256]---+
[   46.737551]          cloud-initStarting LSB: automatic crash report generation...[1076]: 
|      ..=+o.     |
[   46.845347]          cloud-initStarting LSB: daemon to balance interrupts for SMP systems...[1076]: 
|     . +o++ .    |
[   46.972619]          cloud-initStarting LSB: Set the CPU Frequency Scaling governor to "ondemand"...[1076]: 
|      oo=o=o     |
[   47.120444] [cloud-init[0;32m  OK  [0m[1076]: ] |      .+oOo+=    |Started OpenBSD Secure Shell server.

[[0;32m  OK  [0m] Started Permit User Sessions.
[   47.120874] cloud-init[1076]: |     . .S.*+o+   |
[   47.316532] [cloud-init[0;32m  OK  [0m[1076]: ] |    . . .  +o .  |Started Authenticate and Authorize Users to Run Privileged Tasks.

[   47.316862] [cloud-init[0;32m  OK  [0m[1076]: ] |   o   .  +..O . |Started Apply the settings specified in cloud-config.

[   47.575297] [cloud-init[0;32m  OK  [0m[1076]: ] |  E      + .O o  |Started Accounts Service.

[   47.575724] cloud-init[1076]: |         .++..   |
[   47.712773] [cloud-init[0;32m  OK  [0m[1076]: ] +----[SHA256]-----+Started LSB: automatic crash report generation.

[[0;32m  OK  [0m] Started LSB: VirtualBox Linux Additions.
[   47.713104] cloud-init[1076]: Generating public/private ed25519 key pair.
[   47.888787] [cloud-init[0;32m  OK  [0m[1076]: ] Your identification has been saved in /etc/ssh/ssh_host_ed25519_key.Started LSB: daemon to balance interrupts for SMP systems.

[[0;32m  OK  [0m] Started LSB: Set the CPU Frequency Scaling governor to "ondemand".
[   47.889268] cloud-init[1076]: Your public key has been saved in /etc/ssh/ssh_host_ed25519_key.pub.
[[0;32m  OK  [0m] Created slice User Slice of ubuntu.
[   48.264757] cloud-init[1076]: The key fingerprint is:
[   48.361083] cloud-init[1076]: SHA256:EbHzjfUi9AVkwggCAumDtimnme7OsP5YAdB4AiTXse8 root@ubuntu-xenial
[   48.440447] cloud-init[1076]: The key's randomart image is:
[   48.500758] cloud-init[1076]: +--[ED25519 256]--+
[   48.548404] cloud-init[1076]: |X=ooo...o+..+    |
[   48.592694] cloud-init[1076]: |*oo .o  .o.o .   |
[[0;32m  OK  [0m] Started Session 1 of user ubuntu.
[   48.592966] cloud-init[1076]: |o+  .   + . . .  |
[   48.720391] cloud-init[1076]: |.+.  .   = = o   |
[   48.720622] cloud-init[1076]: |. +.  . S + + .  |
         Starting User Manager for UID 1000...
[   48.720729] cloud-init[1076]: |.o. ..     . .   |
[   48.908271] cloud-init[1076]: |o= .  E          |
[   48.908533] cloud-init[1076]: |*.o              |
         Starting Terminate Plymouth Boot Screen...
[   48.908696] cloud-init[1076]: |*B..             |
[   49.096616] cloud-init[1076]: +----[SHA256]-----+
         Starting Hold until boot process finishes up...
[   49.098736] cloud-init[1183]: Generating locales (this might take a while)...
[   49.316503] cloud-init[1183]:   en_US.UTF-8... done
[   49.316701] cloud-init[1183]: Generation complete.
[[0;32m  OK  [0m] Started User Manager for UID 1000.
[   49.316849] cloud-init[1183]: Cloud-init v. 0.7.8 running 'modules:config' at Mon, 26 Dec 2016 17:59:54 +0000. Up 44.80 seconds.
[[0;32m  OK  [0m] Started Terminate Plymouth Boot Screen.
[[0;32m  OK  [0m] Started Hold until boot process finishes up.
[[0;32m  OK  [0m] Started Serial Getty on ttyS0.
         Starting Set console scheme...
[[0;32m  OK  [0m] Started Getty on tty1.
[[0;32m  OK  [0m] Reached target Login Prompts.
[[0;32m  OK  [0m] Reached target Multi-User System.
         Starting Execute cloud user/final scripts...
[[0;32m  OK  [0m] Reached target Graphical Interface.
         Starting Update UTMP about System Runlevel Changes...
[[0;32m  OK  [0m] Started Set console scheme.
[[0;32m  OK  [0m] Started Update UTMP about System Runlevel Changes.
ci-info: no authorized ssh keys fingerprints found for user ubuntu.
<14>Dec 26 17:59:59 ec2: 
<14>Dec 26 17:59:59 ec2: #############################################################
<14>Dec 26 17:59:59 ec2: -----BEGIN SSH HOST KEY FINGERPRINTS-----
<14>Dec 26 17:59:59 ec2: 1024 SHA256:Ndwh8cPwFpauBf2kRTJClrhrYmCDnhDe9IxpBVZGTtc root@ubuntu-xenial (DSA)
<14>Dec 26 17:59:59 ec2: 256 SHA256:JGXxRi2k87x+EwczBuzzn5iZ7OpkR2AvySB0bDv4gpo root@ubuntu-xenial (ECDSA)
<14>Dec 26 17:59:59 ec2: 256 SHA256:EbHzjfUi9AVkwggCAumDtimnme7OsP5YAdB4AiTXse8 root@ubuntu-xenial (ED25519)
<14>Dec 26 17:59:59 ec2: 2048 SHA256:s0MPFJQOk1kWIMStIF6+fJ2Q++GAhqlhQTZhvcqLn7E root@ubuntu-xenial (RSA)
<14>Dec 26 17:59:59 ec2: -----END SSH HOST KEY FINGERPRINTS-----
<14>Dec 26 17:59:59 ec2: #############################################################
-----BEGIN SSH HOST KEY KEYS-----
ecdsa-sha2-nistp256 AAAAE2VjZHNhLXNoYTItbmlzdHAyNTYAAAAIbmlzdHAyNTYAAABBBIoJOFY0bsGzD8enfiwOjHR/6boOI1sFfMJD+545D6EdwRQcT+FLX/nb13MtQNTwKOIXi81TWpSdjIBE1lgfIOQ= root@ubuntu-xenial
ssh-ed25519 AAAAC3NzaC1lZDI1NTE5AAAAIEvfk7r58T7Xp81yRLj8r77uDylbwJCJki8k7xxTd93t root@ubuntu-xenial
ssh-rsa AAAAB3NzaC1yc2EAAAADAQABAAABAQDhvHZmMbahPj/5OOEiwzIzG/mJfML3beUVyx/kFM6LCwp4A67O9B/5Hrqrg2f0gd+mLSmosJqf3UuCl/J0GcgX0PYHYEEuAKY8Ulo+AieQkn3daITI/crpZLh2GLOEnDmlfBYmQe6Zl5695qmB3v58T5bXwSQYqtH/VSLqxAaCv4AjJ0G5rXsUp9HuZPGk+OPy3IQeVWNBD5CONbiSRd6PAGbvRLmJrIfeX/srWy7okH3umqvG7asg89l4TT1K+/6cnLWK9ibfoTIM66LCBCEX49K/fjN7eVTzZQhjM+MjvTgyDK9B0dXYsGROf1P2v/uXzwx1Q5KZPCfdhqhd5KhN root@ubuntu-xenial
-----END SSH HOST KEY KEYS-----
[[0;32m  OK  [0m] Started Session 2 of user ubuntu.
[   51.179729] cloud-init[1446]: Cloud-init v. 0.7.8 running 'modules:final' at Mon, 26 Dec 2016 17:59:59 +0000. Up 50.00 seconds.
[   51.323043] cloud-init[1446]: ci-info: no authorized ssh keys fingerprints found for user ubuntu.
[   51.405257] cloud-init[1446]: Cloud-init v. 0.7.8 finished at Mon, 26 Dec 2016 18:00:00 +0000. Datasource DataSourceNoCloud [seed=/dev/sdb][dsmode=net].  Up 51.16 seconds
[[0;32m  OK  [0m] Started Execute cloud user/final scripts.
[[0;32m  OK  [0m] Reached target Cloud-init target.

Ubuntu 16.04.1 LTS ubuntu-xenial ttyS0

ubuntu-xenial login: 